<?xml version="1.0" encoding="UTF-8"?>
<!-- Generated by org.testng.reporters.JUnitXMLReporter -->
<testsuite ignored="2" hostname="LAPTOP-IBL78H48" failures="0" tests="0" time="0.019" errors="0" timestamp="2024-05-20T22:55:08 IST">
  <testcase classname="ramlaljava.test.SubmitOrderTest" name="placeOrder" time="0.0">
    <ignored/>
  </testcase> <!-- placeOrder -->
  <testcase classname="ramlaljava.test.SubmitOrderTest" name="orderHistoryTest" time="0.0">
    <ignored/>
  </testcase> <!-- orderHistoryTest -->
</testsuite>
