<?xml version="1.0" encoding="UTF-8"?>
<!-- Generated by org.testng.reporters.JUnitXMLReporter -->
<testsuite ignored="2" hostname="LAPTOP-IBL78H48" failures="0" tests="0" time="0.028" errors="0" timestamp="2024-05-20T23:17:29 IST">
  <testcase classname="ramlaljava.test.ErrorValidationTest" name="productErrorValidation" time="0.0">
    <ignored/>
  </testcase> <!-- productErrorValidation -->
  <testcase classname="ramlaljava.test.ErrorValidationTest" name="placeOrder" time="0.0">
    <ignored/>
  </testcase> <!-- placeOrder -->
</testsuite>
