<?xml version="1.0" encoding="UTF-8"?>
<!-- Generated by org.testng.reporters.JUnitXMLReporter -->
<testsuite ignored="1" hostname="LAPTOP-IBL78H48" failures="0" tests="2" name="Submit Order Test" time="73.062" errors="0" timestamp="2024-05-20T23:18:42 IST">
  <testcase classname="ramlaljava.test.SubmitOrderTest" name="placeOrder" time="21.069"/>
  <testcase classname="ramlaljava.test.SubmitOrderTest" name="placeOrder" time="17.417"/>
  <testcase classname="ramlaljava.test.SubmitOrderTest" name="orderHistoryTest" time="0.0">
    <ignored/>
  </testcase> <!-- orderHistoryTest -->
</testsuite> <!-- Submit Order Test -->
